#
# A fatal error has been detected by the Java Runtime Environment:
#
#  Internal Error (classFileParser.cpp:3375), pid=3015, tid=3065441136
#  Error: ShouldNotReachHere()
#
# JRE version: 6.0_20-b20
# Java VM: OpenJDK Server VM (19.0-b09 mixed mode linux-x86 )
# Derivative: IcedTea6 1.9.7
# Distribution: Ubuntu 10.10, package 6b20-1.9.7-0ubuntu1
# If you would like to submit a bug report, please include
# instructions how to reproduce the bug and visit:
#   https://bugs.launchpad.net/ubuntu/+source/openjdk-6/
#

---------------  T H R E A D  ---------------

Current thread (0x097eac00):  JavaThread "Unknown thread" [_thread_in_vm, id=3016, stack(0xb6b1e000,0xb6b6f000)]

Stack: [0xb6b1e000,0xb6b6f000],  sp=0xb6b6d800,  free space=318k
Native frames: (J=compiled Java code, j=interpreted, Vv=VM code, C=native code)
V  [libjvm.so+0x648bb7]
V  [libjvm.so+0x648e01]
V  [libjvm.so+0x291c0e]
V  [libjvm.so+0x291c89]
V  [libjvm.so+0x225646]
V  [libjvm.so+0x2288db]
V  [libjvm.so+0x5e3909]
V  [libjvm.so+0x5e42e2]
V  [libjvm.so+0x5e46c4]
V  [libjvm.so+0x5e56a0]
V  [libjvm.so+0x5e575a]
V  [libjvm.so+0x5e57ed]
V  [libjvm.so+0x5e5846]
V  [libjvm.so+0x5e5923]
V  [libjvm.so+0x5e5c19]
V  [libjvm.so+0x6250ff]
V  [libjvm.so+0x625b0c]
V  [libjvm.so+0x357cc8]
V  [libjvm.so+0x610fcc]
V  [libjvm.so+0x3913bc]
C  [java+0x2238]  JavaMain+0x88
C  [libpthread.so.0+0x5cc9]


---------------  P R O C E S S  ---------------

Java Threads: ( => current thread )

Other Threads:

=>0x097eac00 (exited) JavaThread "Unknown thread" [_thread_in_vm, id=3016, stack(0xb6b1e000,0xb6b6f000)]

VM state:not at safepoint (not fully initialized)

VM Mutex/Monitor currently owned by a thread: None

Dynamic libraries:
08048000-08051000 r-xp 00000000 08:05 917584     /usr/lib/jvm/java-6-openjdk/jre/bin/java
08051000-08052000 r--p 00008000 08:05 917584     /usr/lib/jvm/java-6-openjdk/jre/bin/java
08052000-08053000 rw-p 00009000 08:05 917584     /usr/lib/jvm/java-6-openjdk/jre/bin/java
097e3000-09804000 rw-p 00000000 00:00 0          [heap]
6e400000-6e444000 rw-p 00000000 00:00 0 
6e444000-6e500000 ---p 00000000 00:00 0 
6e58c000-6e5f1000 r--s 004cb000 08:05 5513344    /home/ameya/Documents/android-sdk-linux_x86/platforms/android-8/android.jar
6e5f1000-6e5f2000 ---p 00000000 00:00 0 
6e5f2000-6e672000 rw-p 00000000 00:00 0 
6e672000-6e673000 ---p 00000000 00:00 0 
6e673000-6e6f3000 rw-p 00000000 00:00 0 
6e6f3000-6e6f4000 ---p 00000000 00:00 0 
6e6f4000-6e774000 rw-p 00000000 00:00 0 
6e774000-6e775000 ---p 00000000 00:00 0 
6e775000-6e7fd000 rw-p 00000000 00:00 0 
6e7fd000-6e835000 rw-p 00000000 00:00 0 
6e835000-6e84a000 rw-p 00000000 00:00 0 
6e84a000-6e979000 rw-p 00000000 00:00 0 
6e979000-6e981000 rw-p 00000000 00:00 0 
6e981000-6e9b9000 rw-p 00000000 00:00 0 
6e9b9000-6e9ce000 rw-p 00000000 00:00 0 
6e9ce000-6eafd000 rw-p 00000000 00:00 0 
6eafd000-6eb08000 rw-p 00000000 00:00 0 
6eb08000-6eb9f000 rw-p 00000000 00:00 0 
6eb9f000-6fba0000 rw-p 00000000 00:00 0 
6fba0000-76ba0000 rw-p 00000000 00:00 0 
76ba0000-79420000 rw-p 00000000 00:00 0 
79420000-9f3a0000 rw-p 00000000 00:00 0 
9f3a0000-a07e0000 rw-p 00000000 00:00 0 
a07e0000-b37a0000 rw-p 00000000 00:00 0 
b37a0000-b37a9000 rw-p 00000000 00:00 0 
b37a9000-b3860000 rw-p 00000000 00:00 0 
b3860000-b3aa0000 rwxp 00000000 00:00 0 
b3aa0000-b6860000 rw-p 00000000 00:00 0 
b6860000-b686a000 r-xp 00000000 08:05 1310969    /lib/libnss_files-2.12.1.so
b686a000-b686b000 r--p 00009000 08:05 1310969    /lib/libnss_files-2.12.1.so
b686b000-b686c000 rw-p 0000a000 08:05 1310969    /lib/libnss_files-2.12.1.so
b686c000-b6875000 r-xp 00000000 08:05 1310971    /lib/libnss_nis-2.12.1.so
b6875000-b6876000 r--p 00008000 08:05 1310971    /lib/libnss_nis-2.12.1.so
b6876000-b6877000 rw-p 00009000 08:05 1310971    /lib/libnss_nis-2.12.1.so
b6877000-b687d000 r-xp 00000000 08:05 1310967    /lib/libnss_compat-2.12.1.so
b687d000-b687e000 r--p 00006000 08:05 1310967    /lib/libnss_compat-2.12.1.so
b687e000-b687f000 rw-p 00007000 08:05 1310967    /lib/libnss_compat-2.12.1.so
b6880000-b6886000 r-xp 00000000 08:05 917711     /usr/lib/jvm/java-6-openjdk/jre/lib/i386/libzip.so
b6886000-b6887000 r--p 00005000 08:05 917711     /usr/lib/jvm/java-6-openjdk/jre/lib/i386/libzip.so
b6887000-b6888000 rw-p 00006000 08:05 917711     /usr/lib/jvm/java-6-openjdk/jre/lib/i386/libzip.so
b6888000-b6890000 rw-s 00000000 08:05 6039627    /tmp/hsperfdata_ameya/3015
b6890000-b6a90000 r--p 00000000 08:05 6424926    /usr/lib/locale/locale-archive
b6a90000-b6ac6000 r-xp 00000000 08:05 917736     /usr/lib/jvm/java-6-openjdk/jre/lib/i386/libjdwp.so
b6ac6000-b6ac7000 r--p 00035000 08:05 917736     /usr/lib/jvm/java-6-openjdk/jre/lib/i386/libjdwp.so
b6ac7000-b6ac8000 rw-p 00036000 08:05 917736     /usr/lib/jvm/java-6-openjdk/jre/lib/i386/libjdwp.so
b6ac8000-b6adb000 r-xp 00000000 08:05 1310966    /lib/libnsl-2.12.1.so
b6adb000-b6adc000 r--p 00012000 08:05 1310966    /lib/libnsl-2.12.1.so
b6adc000-b6add000 rw-p 00013000 08:05 1310966    /lib/libnsl-2.12.1.so
b6add000-b6adf000 rw-p 00000000 00:00 0 
b6ae1000-b6ae4000 r-xp 00000000 08:05 917612     /usr/lib/jvm/java-6-openjdk/jre/lib/i386/libnpt.so
b6ae4000-b6ae5000 r--p 00002000 08:05 917612     /usr/lib/jvm/java-6-openjdk/jre/lib/i386/libnpt.so
b6ae5000-b6ae6000 rw-p 00003000 08:05 917612     /usr/lib/jvm/java-6-openjdk/jre/lib/i386/libnpt.so
b6ae6000-b6aec000 r-xp 00000000 08:05 917722     /usr/lib/jvm/java-6-openjdk/jre/lib/i386/native_threads/libhpi.so
b6aec000-b6aed000 r--p 00005000 08:05 917722     /usr/lib/jvm/java-6-openjdk/jre/lib/i386/native_threads/libhpi.so
b6aed000-b6aee000 rw-p 00006000 08:05 917722     /usr/lib/jvm/java-6-openjdk/jre/lib/i386/native_threads/libhpi.so
b6aee000-b6aef000 rw-p 00000000 00:00 0 
b6aef000-b6af0000 r--p 00000000 00:00 0 
b6af0000-b6b12000 r-xp 00000000 08:05 917613     /usr/lib/jvm/java-6-openjdk/jre/lib/i386/libjava.so
b6b12000-b6b13000 r--p 00021000 08:05 917613     /usr/lib/jvm/java-6-openjdk/jre/lib/i386/libjava.so
b6b13000-b6b15000 rw-p 00022000 08:05 917613     /usr/lib/jvm/java-6-openjdk/jre/lib/i386/libjava.so
b6b15000-b6b1c000 r-xp 00000000 08:05 1311112    /lib/librt-2.12.1.so
b6b1c000-b6b1d000 r--p 00006000 08:05 1311112    /lib/librt-2.12.1.so
b6b1d000-b6b1e000 rw-p 00007000 08:05 1311112    /lib/librt-2.12.1.so
b6b1e000-b6b21000 ---p 00000000 00:00 0 
b6b21000-b6b6f000 rw-p 00000000 00:00 0 
b6b6f000-b6b93000 r-xp 00000000 08:05 1310964    /lib/libm-2.12.1.so
b6b93000-b6b94000 r--p 00023000 08:05 1310964    /lib/libm-2.12.1.so
b6b94000-b6b95000 rw-p 00024000 08:05 1310964    /lib/libm-2.12.1.so
b6b95000-b7259000 r-xp 00000000 08:05 917721     /usr/lib/jvm/java-6-openjdk/jre/lib/i386/server/libjvm.so
b7259000-b729e000 r--p 006c4000 08:05 917721     /usr/lib/jvm/java-6-openjdk/jre/lib/i386/server/libjvm.so
b729e000-b72ad000 rw-p 00709000 08:05 917721     /usr/lib/jvm/java-6-openjdk/jre/lib/i386/server/libjvm.so
b72ad000-b76ce000 rw-p 00000000 00:00 0 
b76ce000-b7825000 r-xp 00000000 08:05 1310960    /lib/libc-2.12.1.so
b7825000-b7827000 r--p 00157000 08:05 1310960    /lib/libc-2.12.1.so
b7827000-b7828000 rw-p 00159000 08:05 1310960    /lib/libc-2.12.1.so
b7828000-b782b000 rw-p 00000000 00:00 0 
b782b000-b782d000 r-xp 00000000 08:05 1310963    /lib/libdl-2.12.1.so
b782d000-b782e000 r--p 00001000 08:05 1310963    /lib/libdl-2.12.1.so
b782e000-b782f000 rw-p 00002000 08:05 1310963    /lib/libdl-2.12.1.so
b782f000-b7832000 r-xp 00000000 08:05 917714     /usr/lib/jvm/java-6-openjdk/jre/lib/i386/jli/libjli.so
b7832000-b7833000 r--p 00002000 08:05 917714     /usr/lib/jvm/java-6-openjdk/jre/lib/i386/jli/libjli.so
b7833000-b7834000 rw-p 00003000 08:05 917714     /usr/lib/jvm/java-6-openjdk/jre/lib/i386/jli/libjli.so
b7834000-b7849000 r-xp 00000000 08:05 1310975    /lib/libpthread-2.12.1.so
b7849000-b784a000 ---p 00015000 08:05 1310975    /lib/libpthread-2.12.1.so
b784a000-b784b000 r--p 00015000 08:05 1310975    /lib/libpthread-2.12.1.so
b784b000-b784c000 rw-p 00016000 08:05 1310975    /lib/libpthread-2.12.1.so
b784c000-b784f000 rw-p 00000000 00:00 0 
b784f000-b7862000 r-xp 00000000 08:05 1310914    /lib/libz.so.1.2.3.4
b7862000-b7863000 r--p 00012000 08:05 1310914    /lib/libz.so.1.2.3.4
b7863000-b7864000 rw-p 00013000 08:05 1310914    /lib/libz.so.1.2.3.4
b7866000-b7867000 r--p 0029c000 08:05 6424926    /usr/lib/locale/locale-archive
b7867000-b7872000 r-xp 00000000 08:05 917730     /usr/lib/jvm/java-6-openjdk/jre/lib/i386/libverify.so
b7872000-b7873000 ---p 0000b000 08:05 917730     /usr/lib/jvm/java-6-openjdk/jre/lib/i386/libverify.so
b7873000-b7874000 r--p 0000b000 08:05 917730     /usr/lib/jvm/java-6-openjdk/jre/lib/i386/libverify.so
b7874000-b7875000 rw-p 0000c000 08:05 917730     /usr/lib/jvm/java-6-openjdk/jre/lib/i386/libverify.so
b7875000-b7877000 rw-p 00000000 00:00 0 
b7877000-b7878000 r-xp 00000000 00:00 0          [vdso]
b7878000-b7894000 r-xp 00000000 08:05 1310957    /lib/ld-2.12.1.so
b7894000-b7895000 r--p 0001b000 08:05 1310957    /lib/ld-2.12.1.so
b7895000-b7896000 rw-p 0001c000 08:05 1310957    /lib/ld-2.12.1.so
bfa37000-bfa58000 rw-p 00000000 00:00 0          [stack]

VM Arguments:
jvm_args: -agentlib:jdwp=transport=dt_socket,suspend=y,address=localhost:53224 -Dfile.encoding=UTF-8 -Xbootclasspath:/home/ameya/Documents/android-sdk-linux_x86/platforms/android-8/android.jar 
java_command: org.eclipse.jdt.internal.debug.ui.snippeteditor.ScrapbookMain file:/home/ameya/workspace/.metadata/.plugins/org.eclipse.core.resources/.projects/GREat+Vocab/org.eclipse.jdt.debug.ui/ file:/home/ameya/workspace/GREat+Vocab/bin/
Launcher Type: SUN_STANDARD

Environment Variables:
PATH=/usr/local/sbin:/usr/local/bin:/usr/sbin:/usr/bin:/sbin:/bin:/usr/games
USERNAME=ameya
LD_LIBRARY_PATH=/usr/lib/jvm/java-6-openjdk/jre/lib/i386/server:/usr/lib/jvm/java-6-openjdk/jre/lib/i386:/usr/lib/jvm/java-6-openjdk/jre/../lib/i386:/usr/lib/jvm/java-6-openjdk/jre/lib/i386/client:/usr/lib/jvm/java-6-openjdk/jre/lib/i386:
SHELL=/bin/bash
DISPLAY=:0.0

Signal Handlers:
SIGSEGV: [libjvm.so+0x6497c0], sa_mask[0]=0x7ffbfeff, sa_flags=0x10000004
SIGBUS: [libjvm.so+0x6497c0], sa_mask[0]=0x7ffbfeff, sa_flags=0x10000004
SIGFPE: [libjvm.so+0x51ba60], sa_mask[0]=0x7ffbfeff, sa_flags=0x10000004
SIGPIPE: [libjvm.so+0x51ba60], sa_mask[0]=0x7ffbfeff, sa_flags=0x10000004
SIGXFSZ: [libjvm.so+0x51ba60], sa_mask[0]=0x7ffbfeff, sa_flags=0x10000004
SIGILL: [libjvm.so+0x51ba60], sa_mask[0]=0x7ffbfeff, sa_flags=0x10000004
SIGUSR1: SIG_DFL, sa_mask[0]=0x00000000, sa_flags=0x00000000
SIGUSR2: [libjvm.so+0x51b110], sa_mask[0]=0x00000004, sa_flags=0x10000004
SIGHUP: SIG_DFL, sa_mask[0]=0x00000000, sa_flags=0x00000000
SIGINT: SIG_DFL, sa_mask[0]=0x00000000, sa_flags=0x00000000
SIGTERM: SIG_DFL, sa_mask[0]=0x00000000, sa_flags=0x00000000
SIGQUIT: SIG_DFL, sa_mask[0]=0x00000000, sa_flags=0x00000000


---------------  S Y S T E M  ---------------

OS:Ubuntu 10.10 (maverick)
uname:Linux 2.6.35-27-generic-pae #48-Ubuntu SMP Tue Feb 22 21:46:58 UTC 2011 i686
libc:glibc 2.12.1 NPTL 2.12.1 
rlimit: STACK 8192k, CORE 0k, NPROC infinity, NOFILE 1024, AS infinity
load average:1.00 1.03 1.05

/proc/meminfo:
MemTotal:        3979096 kB
MemFree:         2730160 kB
Buffers:           46760 kB
Cached:           539524 kB
SwapCached:            0 kB
Active:           707180 kB
Inactive:         438184 kB
Active(anon):     559448 kB
Inactive(anon):     5144 kB
Active(file):     147732 kB
Inactive(file):   433040 kB
Unevictable:          32 kB
Mlocked:              32 kB
HighTotal:       3140704 kB
HighFree:        2022224 kB
LowTotal:         838392 kB
LowFree:          707936 kB
SwapTotal:       8202236 kB
SwapFree:        8202236 kB
Dirty:               188 kB
Writeback:             0 kB
AnonPages:        559548 kB
Mapped:           122772 kB
Shmem:              5516 kB
Slab:              35692 kB
SReclaimable:      23012 kB
SUnreclaim:        12680 kB
KernelStack:        3168 kB
PageTables:         6684 kB
NFS_Unstable:          0 kB
Bounce:                0 kB
WritebackTmp:          0 kB
CommitLimit:    10191784 kB
Committed_AS:    1884308 kB
VmallocTotal:     122880 kB
VmallocUsed:       30776 kB
VmallocChunk:      85876 kB
HardwareCorrupted:     0 kB
HugePages_Total:       0
HugePages_Free:        0
HugePages_Rsvd:        0
HugePages_Surp:        0
Hugepagesize:       2048 kB
DirectMap4k:        8184 kB
DirectMap2M:      905216 kB


CPU:total 4 (2 cores per cpu, 2 threads per core) family 6 model 37 stepping 5, cmov, cx8, fxsr, mmx, sse, sse2, sse3, ssse3, sse4.1, sse4.2, popcnt, ht

Memory: 4k page, physical 3979096k(2730160k free), swap 8202236k(8202236k free)

vm_info: OpenJDK Server VM (19.0-b09) for linux-x86 JRE (1.6.0_20-b20), built on Feb 23 2011 09:09:10 by "buildd" with gcc 4.4.5

time: Sun Mar 13 14:38:32 2011
elapsed time: 0 seconds

